<testsuites id="" name="" tests="14" failures="14" skipped="0" errors="0" time="46.380345999999996">
<testsuite name="auth-flow.e2e.test.ts" timestamp="2025-08-09T18:55:39.637Z" hostname="chromium" tests="1" failures="1" skipped="0" time="19.022" errors="0">
<testcase name="AUTH-E2E-01: Login Flow › should successfully login with valid credentials @smoke" classname="auth-flow.e2e.test.ts" time="19.022">
<failure message="auth-flow.e2e.test.ts:39:7 should successfully login with valid credentials @smoke" type="FAILURE">
<![CDATA[  [chromium] › auth-flow.e2e.test.ts:39:7 › AUTH-E2E-01: Login Flow › should successfully login with valid credentials @smoke 

    Error: Timed out 10000ms waiting for expect(page).toHaveURL(expected)

    Expected string: "http://localhost:3000/dashboard"
    Received string: "http://localhost:3000/auth/signin"
    Call log:
      - Expect "toHaveURL" with timeout 10000ms
        14 × unexpected value "http://localhost:3000/auth/signin"


      51 |     
      52 |     // Should redirect to dashboard after successful login
    > 53 |     await expect(page).toHaveURL('/dashboard', { timeout: 10000 });
         |                        ^
      54 |     
      55 |     // Should show user info or dashboard content
      56 |     await expect(page.locator('[data-testid="dashboard-content"], h1').first()).toBeVisible();
        at /Users/hs/Project/agendaiq/src/__tests__/e2e/auth-flow.e2e.test.ts:53:24

    attachment #1: screenshot (image/png) ──────────────────────────────────────────────────────────
    ../../../test-results/auth-flow.e2e-AUTH-E2E-01--a1183-ith-valid-credentials-smoke-chromium/test-failed-1.png
    ────────────────────────────────────────────────────────────────────────────────────────────────

    attachment #2: video (video/webm) ──────────────────────────────────────────────────────────────
    ../../../test-results/auth-flow.e2e-AUTH-E2E-01--a1183-ith-valid-credentials-smoke-chromium/video.webm
    ────────────────────────────────────────────────────────────────────────────────────────────────

    Error Context: ../../../test-results/auth-flow.e2e-AUTH-E2E-01--a1183-ith-valid-credentials-smoke-chromium/error-context.md
]]>
</failure>
<system-out>
<![CDATA[
[[ATTACHMENT|auth-flow.e2e-AUTH-E2E-01--a1183-ith-valid-credentials-smoke-chromium/test-failed-1.png]]

[[ATTACHMENT|auth-flow.e2e-AUTH-E2E-01--a1183-ith-valid-credentials-smoke-chromium/video.webm]]

[[ATTACHMENT|auth-flow.e2e-AUTH-E2E-01--a1183-ith-valid-credentials-smoke-chromium/error-context.md]]
]]>
</system-out>
</testcase>
</testsuite>
<testsuite name="auth.e2e.test.ts" timestamp="2025-08-09T18:55:39.637Z" hostname="chromium" tests="1" failures="1" skipped="0" time="22.642" errors="0">
<testcase name="Authentication Flow › should successfully login with valid credentials" classname="auth.e2e.test.ts" time="22.642">
<failure message="auth.e2e.test.ts:31:7 should successfully login with valid credentials" type="FAILURE">
<![CDATA[  [chromium] › auth.e2e.test.ts:31:7 › Authentication Flow › should successfully login with valid credentials 

    TimeoutError: page.fill: Timeout 15000ms exceeded.
    Call log:
      - waiting for locator('input[name="email"]')


      30 |
      31 |   test('should successfully login with valid credentials', async ({ page }) => {
    > 32 |     await page.fill('input[name="email"]', 'admin@test.com')
         |                ^
      33 |     await page.fill('input[name="password"]', 'password123')
      34 |     await page.locator('button[type="submit"]').click()
      35 |     
        at /Users/hs/Project/agendaiq/src/__tests__/e2e/auth.e2e.test.ts:32:16

    attachment #1: screenshot (image/png) ──────────────────────────────────────────────────────────
    ../../../test-results/auth.e2e-Authentication-Fl-372ae-ogin-with-valid-credentials-chromium/test-failed-1.png
    ────────────────────────────────────────────────────────────────────────────────────────────────

    attachment #2: video (video/webm) ──────────────────────────────────────────────────────────────
    ../../../test-results/auth.e2e-Authentication-Fl-372ae-ogin-with-valid-credentials-chromium/video.webm
    ────────────────────────────────────────────────────────────────────────────────────────────────

    Error Context: ../../../test-results/auth.e2e-Authentication-Fl-372ae-ogin-with-valid-credentials-chromium/error-context.md
]]>
</failure>
<system-out>
<![CDATA[
[[ATTACHMENT|auth.e2e-Authentication-Fl-372ae-ogin-with-valid-credentials-chromium/test-failed-1.png]]

[[ATTACHMENT|auth.e2e-Authentication-Fl-372ae-ogin-with-valid-credentials-chromium/video.webm]]

[[ATTACHMENT|auth.e2e-Authentication-Fl-372ae-ogin-with-valid-credentials-chromium/error-context.md]]
]]>
</system-out>
</testcase>
</testsuite>
<testsuite name="auth-flow.e2e.test.ts" timestamp="2025-08-09T18:55:39.637Z" hostname="firefox" tests="1" failures="1" skipped="0" time="0.005" errors="0">
<testcase name="AUTH-E2E-01: Login Flow › should successfully login with valid credentials @smoke" classname="auth-flow.e2e.test.ts" time="0.005">
<failure message="auth-flow.e2e.test.ts:39:7 should successfully login with valid credentials @smoke" type="FAILURE">
<![CDATA[  [firefox] › auth-flow.e2e.test.ts:39:7 › AUTH-E2E-01: Login Flow › should successfully login with valid credentials @smoke 

    Error: browserType.launch: Executable doesn't exist at /Users/hs/Library/Caches/ms-playwright/firefox-1489/firefox/Nightly.app/Contents/MacOS/firefox
    ╔═════════════════════════════════════════════════════════════════════════╗
    ║ Looks like Playwright Test or Playwright was just installed or updated. ║
    ║ Please run the following command to download new browsers:              ║
    ║                                                                         ║
    ║     npx playwright install                                              ║
    ║                                                                         ║
    ║ <3 Playwright Team                                                      ║
    ╚═════════════════════════════════════════════════════════════════════════╝
]]>
</failure>
</testcase>
</testsuite>
<testsuite name="auth.e2e.test.ts" timestamp="2025-08-09T18:55:39.637Z" hostname="firefox" tests="1" failures="1" skipped="0" time="0.001" errors="0">
<testcase name="Authentication Flow › should successfully login with valid credentials" classname="auth.e2e.test.ts" time="0.001">
<failure message="auth.e2e.test.ts:31:7 should successfully login with valid credentials" type="FAILURE">
<![CDATA[  [firefox] › auth.e2e.test.ts:31:7 › Authentication Flow › should successfully login with valid credentials 

    Error: browserType.launch: Executable doesn't exist at /Users/hs/Library/Caches/ms-playwright/firefox-1489/firefox/Nightly.app/Contents/MacOS/firefox
    ╔═════════════════════════════════════════════════════════════════════════╗
    ║ Looks like Playwright Test or Playwright was just installed or updated. ║
    ║ Please run the following command to download new browsers:              ║
    ║                                                                         ║
    ║     npx playwright install                                              ║
    ║                                                                         ║
    ║ <3 Playwright Team                                                      ║
    ╚═════════════════════════════════════════════════════════════════════════╝
]]>
</failure>
</testcase>
</testsuite>
<testsuite name="auth-flow.e2e.test.ts" timestamp="2025-08-09T18:55:39.637Z" hostname="webkit" tests="1" failures="1" skipped="0" time="0.001" errors="0">
<testcase name="AUTH-E2E-01: Login Flow › should successfully login with valid credentials @smoke" classname="auth-flow.e2e.test.ts" time="0.001">
<failure message="auth-flow.e2e.test.ts:39:7 should successfully login with valid credentials @smoke" type="FAILURE">
<![CDATA[  [webkit] › auth-flow.e2e.test.ts:39:7 › AUTH-E2E-01: Login Flow › should successfully login with valid credentials @smoke 

    Error: browserType.launch: Executable doesn't exist at /Users/hs/Library/Caches/ms-playwright/webkit-2191/pw_run.sh
    ╔═════════════════════════════════════════════════════════════════════════╗
    ║ Looks like Playwright Test or Playwright was just installed or updated. ║
    ║ Please run the following command to download new browsers:              ║
    ║                                                                         ║
    ║     npx playwright install                                              ║
    ║                                                                         ║
    ║ <3 Playwright Team                                                      ║
    ╚═════════════════════════════════════════════════════════════════════════╝
]]>
</failure>
</testcase>
</testsuite>
<testsuite name="auth.e2e.test.ts" timestamp="2025-08-09T18:55:39.637Z" hostname="webkit" tests="1" failures="1" skipped="0" time="0.001" errors="0">
<testcase name="Authentication Flow › should successfully login with valid credentials" classname="auth.e2e.test.ts" time="0.001">
<failure message="auth.e2e.test.ts:31:7 should successfully login with valid credentials" type="FAILURE">
<![CDATA[  [webkit] › auth.e2e.test.ts:31:7 › Authentication Flow › should successfully login with valid credentials 

    Error: browserType.launch: Executable doesn't exist at /Users/hs/Library/Caches/ms-playwright/webkit-2191/pw_run.sh
    ╔═════════════════════════════════════════════════════════════════════════╗
    ║ Looks like Playwright Test or Playwright was just installed or updated. ║
    ║ Please run the following command to download new browsers:              ║
    ║                                                                         ║
    ║     npx playwright install                                              ║
    ║                                                                         ║
    ║ <3 Playwright Team                                                      ║
    ╚═════════════════════════════════════════════════════════════════════════╝
]]>
</failure>
</testcase>
</testsuite>
<testsuite name="auth-flow.e2e.test.ts" timestamp="2025-08-09T18:55:39.637Z" hostname="Mobile Chrome" tests="1" failures="1" skipped="0" time="18.32" errors="0">
<testcase name="AUTH-E2E-01: Login Flow › should successfully login with valid credentials @smoke" classname="auth-flow.e2e.test.ts" time="18.32">
<failure message="auth-flow.e2e.test.ts:39:7 should successfully login with valid credentials @smoke" type="FAILURE">
<![CDATA[  [Mobile Chrome] › auth-flow.e2e.test.ts:39:7 › AUTH-E2E-01: Login Flow › should successfully login with valid credentials @smoke 

    Error: Timed out 10000ms waiting for expect(page).toHaveURL(expected)

    Expected string: "http://localhost:3000/dashboard"
    Received string: "http://localhost:3000/auth/signin"
    Call log:
      - Expect "toHaveURL" with timeout 10000ms
        14 × unexpected value "http://localhost:3000/auth/signin"


      51 |     
      52 |     // Should redirect to dashboard after successful login
    > 53 |     await expect(page).toHaveURL('/dashboard', { timeout: 10000 });
         |                        ^
      54 |     
      55 |     // Should show user info or dashboard content
      56 |     await expect(page.locator('[data-testid="dashboard-content"], h1').first()).toBeVisible();
        at /Users/hs/Project/agendaiq/src/__tests__/e2e/auth-flow.e2e.test.ts:53:24

    attachment #1: screenshot (image/png) ──────────────────────────────────────────────────────────
    ../../../test-results/auth-flow.e2e-AUTH-E2E-01--a1183-ith-valid-credentials-smoke-Mobile-Chrome/test-failed-1.png
    ────────────────────────────────────────────────────────────────────────────────────────────────

    attachment #2: video (video/webm) ──────────────────────────────────────────────────────────────
    ../../../test-results/auth-flow.e2e-AUTH-E2E-01--a1183-ith-valid-credentials-smoke-Mobile-Chrome/video.webm
    ────────────────────────────────────────────────────────────────────────────────────────────────

    Error Context: ../../../test-results/auth-flow.e2e-AUTH-E2E-01--a1183-ith-valid-credentials-smoke-Mobile-Chrome/error-context.md
]]>
</failure>
<system-out>
<![CDATA[
[[ATTACHMENT|auth-flow.e2e-AUTH-E2E-01--a1183-ith-valid-credentials-smoke-Mobile-Chrome/test-failed-1.png]]

[[ATTACHMENT|auth-flow.e2e-AUTH-E2E-01--a1183-ith-valid-credentials-smoke-Mobile-Chrome/video.webm]]

[[ATTACHMENT|auth-flow.e2e-AUTH-E2E-01--a1183-ith-valid-credentials-smoke-Mobile-Chrome/error-context.md]]
]]>
</system-out>
</testcase>
</testsuite>
<testsuite name="auth.e2e.test.ts" timestamp="2025-08-09T18:55:39.637Z" hostname="Mobile Chrome" tests="1" failures="1" skipped="0" time="21.878" errors="0">
<testcase name="Authentication Flow › should successfully login with valid credentials" classname="auth.e2e.test.ts" time="21.878">
<failure message="auth.e2e.test.ts:31:7 should successfully login with valid credentials" type="FAILURE">
<![CDATA[  [Mobile Chrome] › auth.e2e.test.ts:31:7 › Authentication Flow › should successfully login with valid credentials 

    TimeoutError: page.fill: Timeout 15000ms exceeded.
    Call log:
      - waiting for locator('input[name="email"]')


      30 |
      31 |   test('should successfully login with valid credentials', async ({ page }) => {
    > 32 |     await page.fill('input[name="email"]', 'admin@test.com')
         |                ^
      33 |     await page.fill('input[name="password"]', 'password123')
      34 |     await page.locator('button[type="submit"]').click()
      35 |     
        at /Users/hs/Project/agendaiq/src/__tests__/e2e/auth.e2e.test.ts:32:16

    attachment #1: screenshot (image/png) ──────────────────────────────────────────────────────────
    ../../../test-results/auth.e2e-Authentication-Fl-372ae-ogin-with-valid-credentials-Mobile-Chrome/test-failed-1.png
    ────────────────────────────────────────────────────────────────────────────────────────────────

    attachment #2: video (video/webm) ──────────────────────────────────────────────────────────────
    ../../../test-results/auth.e2e-Authentication-Fl-372ae-ogin-with-valid-credentials-Mobile-Chrome/video.webm
    ────────────────────────────────────────────────────────────────────────────────────────────────

    Error Context: ../../../test-results/auth.e2e-Authentication-Fl-372ae-ogin-with-valid-credentials-Mobile-Chrome/error-context.md
]]>
</failure>
<system-out>
<![CDATA[
[[ATTACHMENT|auth.e2e-Authentication-Fl-372ae-ogin-with-valid-credentials-Mobile-Chrome/test-failed-1.png]]

[[ATTACHMENT|auth.e2e-Authentication-Fl-372ae-ogin-with-valid-credentials-Mobile-Chrome/video.webm]]

[[ATTACHMENT|auth.e2e-Authentication-Fl-372ae-ogin-with-valid-credentials-Mobile-Chrome/error-context.md]]
]]>
</system-out>
</testcase>
</testsuite>
<testsuite name="auth-flow.e2e.test.ts" timestamp="2025-08-09T18:55:39.637Z" hostname="Mobile Safari" tests="1" failures="1" skipped="0" time="0.001" errors="0">
<testcase name="AUTH-E2E-01: Login Flow › should successfully login with valid credentials @smoke" classname="auth-flow.e2e.test.ts" time="0.001">
<failure message="auth-flow.e2e.test.ts:39:7 should successfully login with valid credentials @smoke" type="FAILURE">
<![CDATA[  [Mobile Safari] › auth-flow.e2e.test.ts:39:7 › AUTH-E2E-01: Login Flow › should successfully login with valid credentials @smoke 

    Error: browserType.launch: Executable doesn't exist at /Users/hs/Library/Caches/ms-playwright/webkit-2191/pw_run.sh
    ╔═════════════════════════════════════════════════════════════════════════╗
    ║ Looks like Playwright Test or Playwright was just installed or updated. ║
    ║ Please run the following command to download new browsers:              ║
    ║                                                                         ║
    ║     npx playwright install                                              ║
    ║                                                                         ║
    ║ <3 Playwright Team                                                      ║
    ╚═════════════════════════════════════════════════════════════════════════╝
]]>
</failure>
</testcase>
</testsuite>
<testsuite name="auth.e2e.test.ts" timestamp="2025-08-09T18:55:39.637Z" hostname="Mobile Safari" tests="1" failures="1" skipped="0" time="0.001" errors="0">
<testcase name="Authentication Flow › should successfully login with valid credentials" classname="auth.e2e.test.ts" time="0.001">
<failure message="auth.e2e.test.ts:31:7 should successfully login with valid credentials" type="FAILURE">
<![CDATA[  [Mobile Safari] › auth.e2e.test.ts:31:7 › Authentication Flow › should successfully login with valid credentials 

    Error: browserType.launch: Executable doesn't exist at /Users/hs/Library/Caches/ms-playwright/webkit-2191/pw_run.sh
    ╔═════════════════════════════════════════════════════════════════════════╗
    ║ Looks like Playwright Test or Playwright was just installed or updated. ║
    ║ Please run the following command to download new browsers:              ║
    ║                                                                         ║
    ║     npx playwright install                                              ║
    ║                                                                         ║
    ║ <3 Playwright Team                                                      ║
    ╚═════════════════════════════════════════════════════════════════════════╝
]]>
</failure>
</testcase>
</testsuite>
<testsuite name="auth-flow.e2e.test.ts" timestamp="2025-08-09T18:55:39.637Z" hostname="Microsoft Edge" tests="1" failures="1" skipped="0" time="0.001" errors="0">
<testcase name="AUTH-E2E-01: Login Flow › should successfully login with valid credentials @smoke" classname="auth-flow.e2e.test.ts" time="0.001">
<failure message="auth-flow.e2e.test.ts:39:7 should successfully login with valid credentials @smoke" type="FAILURE">
<![CDATA[  [Microsoft Edge] › auth-flow.e2e.test.ts:39:7 › AUTH-E2E-01: Login Flow › should successfully login with valid credentials @smoke 

    Error: browserType.launch: Chromium distribution 'msedge' is not found at /Applications/Microsoft Edge.app/Contents/MacOS/Microsoft Edge
    Run "npx playwright install msedge"
]]>
</failure>
</testcase>
</testsuite>
<testsuite name="auth.e2e.test.ts" timestamp="2025-08-09T18:55:39.637Z" hostname="Microsoft Edge" tests="1" failures="1" skipped="0" time="0.001" errors="0">
<testcase name="Authentication Flow › should successfully login with valid credentials" classname="auth.e2e.test.ts" time="0.001">
<failure message="auth.e2e.test.ts:31:7 should successfully login with valid credentials" type="FAILURE">
<![CDATA[  [Microsoft Edge] › auth.e2e.test.ts:31:7 › Authentication Flow › should successfully login with valid credentials 

    Error: browserType.launch: Chromium distribution 'msedge' is not found at /Applications/Microsoft Edge.app/Contents/MacOS/Microsoft Edge
    Run "npx playwright install msedge"
]]>
</failure>
</testcase>
</testsuite>
<testsuite name="auth-flow.e2e.test.ts" timestamp="2025-08-09T18:55:39.637Z" hostname="Google Chrome" tests="1" failures="1" skipped="0" time="17.611" errors="0">
<testcase name="AUTH-E2E-01: Login Flow › should successfully login with valid credentials @smoke" classname="auth-flow.e2e.test.ts" time="17.611">
<failure message="auth-flow.e2e.test.ts:39:7 should successfully login with valid credentials @smoke" type="FAILURE">
<![CDATA[  [Google Chrome] › auth-flow.e2e.test.ts:39:7 › AUTH-E2E-01: Login Flow › should successfully login with valid credentials @smoke 

    Error: Timed out 10000ms waiting for expect(page).toHaveURL(expected)

    Expected string: "http://localhost:3000/dashboard"
    Received string: "http://localhost:3000/auth/signin"
    Call log:
      - Expect "toHaveURL" with timeout 10000ms
        14 × unexpected value "http://localhost:3000/auth/signin"


      51 |     
      52 |     // Should redirect to dashboard after successful login
    > 53 |     await expect(page).toHaveURL('/dashboard', { timeout: 10000 });
         |                        ^
      54 |     
      55 |     // Should show user info or dashboard content
      56 |     await expect(page.locator('[data-testid="dashboard-content"], h1').first()).toBeVisible();
        at /Users/hs/Project/agendaiq/src/__tests__/e2e/auth-flow.e2e.test.ts:53:24

    attachment #1: screenshot (image/png) ──────────────────────────────────────────────────────────
    ../../../test-results/auth-flow.e2e-AUTH-E2E-01--a1183-ith-valid-credentials-smoke-Google-Chrome/test-failed-1.png
    ────────────────────────────────────────────────────────────────────────────────────────────────

    attachment #2: video (video/webm) ──────────────────────────────────────────────────────────────
    ../../../test-results/auth-flow.e2e-AUTH-E2E-01--a1183-ith-valid-credentials-smoke-Google-Chrome/video.webm
    ────────────────────────────────────────────────────────────────────────────────────────────────

    Error Context: ../../../test-results/auth-flow.e2e-AUTH-E2E-01--a1183-ith-valid-credentials-smoke-Google-Chrome/error-context.md
]]>
</failure>
<system-out>
<![CDATA[
[[ATTACHMENT|auth-flow.e2e-AUTH-E2E-01--a1183-ith-valid-credentials-smoke-Google-Chrome/test-failed-1.png]]

[[ATTACHMENT|auth-flow.e2e-AUTH-E2E-01--a1183-ith-valid-credentials-smoke-Google-Chrome/video.webm]]

[[ATTACHMENT|auth-flow.e2e-AUTH-E2E-01--a1183-ith-valid-credentials-smoke-Google-Chrome/error-context.md]]
]]>
</system-out>
</testcase>
</testsuite>
<testsuite name="auth.e2e.test.ts" timestamp="2025-08-09T18:55:39.637Z" hostname="Google Chrome" tests="1" failures="1" skipped="0" time="18.851" errors="0">
<testcase name="Authentication Flow › should successfully login with valid credentials" classname="auth.e2e.test.ts" time="18.851">
<failure message="auth.e2e.test.ts:31:7 should successfully login with valid credentials" type="FAILURE">
<![CDATA[  [Google Chrome] › auth.e2e.test.ts:31:7 › Authentication Flow › should successfully login with valid credentials 

    TimeoutError: page.fill: Timeout 15000ms exceeded.
    Call log:
      - waiting for locator('input[name="email"]')


      30 |
      31 |   test('should successfully login with valid credentials', async ({ page }) => {
    > 32 |     await page.fill('input[name="email"]', 'admin@test.com')
         |                ^
      33 |     await page.fill('input[name="password"]', 'password123')
      34 |     await page.locator('button[type="submit"]').click()
      35 |     
        at /Users/hs/Project/agendaiq/src/__tests__/e2e/auth.e2e.test.ts:32:16

    attachment #1: screenshot (image/png) ──────────────────────────────────────────────────────────
    ../../../test-results/auth.e2e-Authentication-Fl-372ae-ogin-with-valid-credentials-Google-Chrome/test-failed-1.png
    ────────────────────────────────────────────────────────────────────────────────────────────────

    attachment #2: video (video/webm) ──────────────────────────────────────────────────────────────
    ../../../test-results/auth.e2e-Authentication-Fl-372ae-ogin-with-valid-credentials-Google-Chrome/video.webm
    ────────────────────────────────────────────────────────────────────────────────────────────────

    Error Context: ../../../test-results/auth.e2e-Authentication-Fl-372ae-ogin-with-valid-credentials-Google-Chrome/error-context.md
]]>
</failure>
<system-out>
<![CDATA[
[[ATTACHMENT|auth.e2e-Authentication-Fl-372ae-ogin-with-valid-credentials-Google-Chrome/test-failed-1.png]]

[[ATTACHMENT|auth.e2e-Authentication-Fl-372ae-ogin-with-valid-credentials-Google-Chrome/video.webm]]

[[ATTACHMENT|auth.e2e-Authentication-Fl-372ae-ogin-with-valid-credentials-Google-Chrome/error-context.md]]
]]>
</system-out>
</testcase>
</testsuite>
</testsuites>